Using pre-set license
Desktop is 1920 x 1080 @ 60 Hz

 COMMAND LINE ARGUMENTS:
Unity
-adb2
-batchMode
-noUpm
-name
AssetImportWorker0
-projectPath
/home/cf18ken.miro/Escriptori/Unity/ProjecteGuiat
-logFile
Logs/AssetImportWorker0.log
-srvPort
37745
Successfully changed project path to: /home/cf18ken.miro/Escriptori/Unity/ProjecteGuiat
/home/cf18ken.miro/Escriptori/Unity/ProjecteGuiat
Using Asset Import Pipeline V2.
Refreshing native plugins compatible for Editor in 51,83 ms, found 1 plugins.
Preloading 0 native plugins for Editor in 0,00 ms.
Initialize engine version: 2020.3.5f1 (8095aa901b9b)
[Subsystems] Discovering subsystems at path /home/cf18ken.miro/Unity/Hub/Editor/2020.3.5f1/Editor/Data/Resources/UnitySubsystems
[Subsystems] Discovering subsystems at path /home/cf18ken.miro/Escriptori/Unity/ProjecteGuiat/Assets
GLX Extensions: GLX_ARB_create_context GLX_ARB_create_context_no_error GLX_ARB_create_context_profile GLX_ARB_create_context_robustness GLX_ARB_fbconfig_float GLX_ARB_framebuffer_sRGB GLX_ARB_get_proc_address GLX_ARB_multisample GLX_EXT_buffer_age GLX_EXT_create_context_es2_profile GLX_EXT_create_context_es_profile GLX_EXT_fbconfig_packed_float GLX_EXT_framebuffer_sRGB GLX_EXT_import_context GLX_EXT_texture_from_pixmap GLX_EXT_visual_info GLX_EXT_visual_rating GLX_INTEL_swap_event GLX_MESA_copy_sub_buffer GLX_MESA_query_renderer GLX_MESA_swap_control GLX_OML_swap_method GLX_OML_sync_control GLX_SGIS_multisample GLX_SGIX_fbconfig GLX_SGIX_pbuffer GLX_SGIX_visual_select_group GLX_SGI_make_current_read GLX_SGI_swap_control GLX_SGI_video_sync 
Renderer: Mesa DRI Intel(R) HD Graphics 4600 (HSW GT2)
Vendor:   Intel Open Source Technology Center
Version:  4.5 (Core Profile) Mesa 20.2.6
GLES:     0
 GL_3DFX_texture_compression_FXT1 GL_AMD_conservative_depth GL_AMD_draw_buffers_blend GL_AMD_multi_draw_indirect GL_AMD_query_buffer_object GL_AMD_seamless_cubemap_per_texture GL_AMD_shader_trinary_minmax GL_AMD_texture_texture4 GL_AMD_vertex_shader_layer GL_AMD_vertex_shader_viewport_index GL_ANGLE_texture_compression_dxt3 GL_ANGLE_texture_compression_dxt5 GL_APPLE_object_purgeable GL_ARB_ES2_compatibility GL_ARB_ES3_1_compatibility GL_ARB_ES3_compatibility GL_ARB_arrays_of_arrays GL_ARB_base_instance GL_ARB_blend_func_extended GL_ARB_buffer_storage GL_ARB_clear_buffer_object GL_ARB_clear_texture GL_ARB_clip_control GL_ARB_compressed_texture_pixel_storage GL_ARB_compute_shader GL_ARB_compute_variable_group_size GL_ARB_conditional_render_inverted GL_ARB_conservative_depth GL_ARB_copy_buffer GL_ARB_copy_image GL_ARB_cull_distance GL_ARB_debug_output GL_ARB_depth_buffer_float GL_ARB_depth_clamp GL_ARB_derivative_control GL_ARB_direct_state_access GL_ARB_draw_buffers GL_ARB_draw_buffers_blend GL_ARB_draw_elemen
ts_base_vertex GL_ARB_draw_indirect GL_ARB_draw_instanced GL_ARB_enhanced_layouts GL_ARB_explicit_attrib_location GL_ARB_explicit_uniform_location GL_ARB_fragment_coord_conventions GL_ARB_fragment_layer_viewport GL_ARB_fragment_shader GL_ARB_framebuffer_no_attachments GL_ARB_framebuffer_object GL_ARB_framebuffer_sRGB GL_ARB_get_program_binary GL_ARB_get_texture_sub_image GL_ARB_gl_spirv GL_ARB_gpu_shader5 GL_ARB_gpu_shader_fp64 GL_ARB_half_float_pixel GL_ARB_half_float_vertex GL_ARB_indirect_parameters GL_ARB_instanced_arrays GL_ARB_internalformat_query GL_ARB_internalformat_query2 GL_ARB_invalidate_subdata GL_ARB_map_buffer_alignment GL_ARB_map_buffer_range GL_ARB_multi_bind GL_ARB_multi_draw_indirect GL_ARB_occlusion_query2 GL_ARB_parallel_shader_compile GL_ARB_pipeline_statistics_query GL_ARB_pixel_buffer_object GL_ARB_point_sprite GL_ARB_polygon_offset_clamp GL_ARB_program_interface_query GL_ARB_provoking_vertex GL_ARB_query_buffer_object GL_ARB_robust_buffer_access_behavior GL_ARB_robustness GL_ARB_samp
le_shading GL_ARB_sampler_objects GL_ARB_seamless_cube_map GL_ARB_seamless_cubemap_per_texture GL_ARB_separate_shader_objects GL_ARB_shader_atomic_counter_ops GL_ARB_shader_atomic_counters GL_ARB_shader_bit_encoding GL_ARB_shader_clock GL_ARB_shader_draw_parameters GL_ARB_shader_group_vote GL_ARB_shader_image_load_store GL_ARB_shader_image_size GL_ARB_shader_objects GL_ARB_shader_precision GL_ARB_shader_storage_buffer_object GL_ARB_shader_subroutine GL_ARB_shader_texture_image_samples GL_ARB_shader_texture_lod GL_ARB_shader_viewport_layer_array GL_ARB_shading_language_420pack GL_ARB_shading_language_include GL_ARB_shading_language_packing GL_ARB_spirv_extensions GL_ARB_stencil_texturing GL_ARB_sync GL_ARB_tessellation_shader GL_ARB_texture_barrier GL_ARB_texture_buffer_object GL_ARB_texture_buffer_object_rgb32 GL_ARB_texture_buffer_range GL_ARB_texture_compression_bptc GL_ARB_texture_compression_rgtc GL_ARB_texture_cube_map_array GL_ARB_texture_filter_anisotropic GL_ARB_texture_float GL_ARB_texture_gather GL
_ARB_texture_mirror_clamp_to_edge GL_ARB_texture_multisample GL_ARB_texture_non_power_of_two GL_ARB_texture_query_levels GL_ARB_texture_query_lod GL_ARB_texture_rectangle GL_ARB_texture_rg GL_ARB_texture_rgb10_a2ui GL_ARB_texture_stencil8 GL_ARB_texture_storage GL_ARB_texture_storage_multisample GL_ARB_texture_swizzle GL_ARB_texture_view GL_ARB_timer_query GL_ARB_transform_feedback2 GL_ARB_transform_feedback3 GL_ARB_transform_feedback_instanced GL_ARB_transform_feedback_overflow_query GL_ARB_uniform_buffer_object GL_ARB_vertex_array_bgra GL_ARB_vertex_array_object GL_ARB_vertex_attrib_64bit GL_ARB_vertex_attrib_binding GL_ARB_vertex_buffer_object GL_ARB_vertex_shader GL_ARB_vertex_type_10f_11f_11f_rev GL_ARB_vertex_type_2_10_10_10_rev GL_ARB_viewport_array GL_ATI_blend_equation_separate GL_ATI_texture_float GL_EXT_EGL_image_storage GL_EXT_EGL_sync GL_EXT_abgr GL_EXT_blend_equation_separate GL_EXT_demote_to_helper_invocation GL_EXT_draw_buffers2 GL_EXT_draw_instanced GL_EXT_framebuffer_blit GL_EXT_framebuffer
_multisample GL_EXT_framebuffer_multisample_blit_scaled GL_EXT_framebuffer_object GL_EXT_framebuffer_sRGB GL_EXT_packed_depth_stencil GL_EXT_packed_float GL_EXT_pixel_buffer_object GL_EXT_polygon_offset_clamp GL_EXT_provoking_vertex GL_EXT_shader_framebuffer_fetch_non_coherent GL_EXT_shader_integer_mix GL_EXT_shader_samples_identical GL_EXT_texture_array GL_EXT_texture_compression_dxt1 GL_EXT_texture_compression_rgtc GL_EXT_texture_compression_s3tc GL_EXT_texture_filter_anisotropic GL_EXT_texture_integer GL_EXT_texture_sRGB GL_EXT_texture_sRGB_R8 GL_EXT_texture_sRGB_decode GL_EXT_texture_shadow_lod GL_EXT_texture_shared_exponent GL_EXT_texture_snorm GL_EXT_texture_swizzle GL_EXT_timer_query GL_EXT_transform_feedback GL_EXT_vertex_array_bgra GL_EXT_vertex_attrib_64bit GL_IBM_multimode_draw_arrays GL_INTEL_blackhole_render GL_INTEL_performance_query GL_KHR_blend_equation_advanced GL_KHR_context_flush_control GL_KHR_debug GL_KHR_no_error GL_KHR_parallel_shader_compile GL_KHR_robust_buffer_access_behavior GL_KHR
_robustness GL_MESA_framebuffer_flip_y GL_MESA_pack_invert GL_MESA_shader_integer_functions GL_MESA_texture_signed_rgba GL_NV_compute_shader_derivatives GL_NV_conditional_render GL_NV_depth_clamp GL_NV_packed_depth_stencil GL_NV_texture_barrier GL_OES_EGL_image GL_S3_s3tc
OPENGL LOG: Creating OpenGL 4.5 graphics device ; Context level  <OpenGL 4.5> ; Context handle 311774272
Initialize mono
Mono path[0] = '/home/cf18ken.miro/Unity/Hub/Editor/2020.3.5f1/Editor/Data/Managed'
Mono path[1] = '/home/cf18ken.miro/Unity/Hub/Editor/2020.3.5f1/Editor/Data/MonoBleedingEdge/lib/mono/unityjit'
Mono config path = '/home/cf18ken.miro/Unity/Hub/Editor/2020.3.5f1/Editor/Data/MonoBleedingEdge/etc'
Using monoOptions --debugger-agent=transport=dt_socket,embedding=1,server=y,suspend=n,address=127.0.0.1:56338
Begin MonoManager ReloadAssembly
Registering precompiled unity dll's ...
Register platform support module: /home/cf18ken.miro/Unity/Hub/Editor/2020.3.5f1/Editor/Data/PlaybackEngines/LinuxStandaloneSupport/UnityEditor.LinuxStandalone.Extensions.dll
Registered in 0,001374 seconds.
Native extension for LinuxStandalone target not found
Refreshing native plugins compatible for Editor in 39,37 ms, found 1 plugins.
Preloading 0 native plugins for Editor in 0,00 ms.
Mono: successfully reloaded assembly
- Completed reload, in  1,544 seconds
Platform modules already initialized, skipping
Registering precompiled user dll's ...
Registered in 0,000739 seconds.
Begin MonoManager ReloadAssembly
Script error: OnCollisionEnter
This message parameter has to be of type: Collision
The message will be ignored.

Native extension for LinuxStandalone target not found
Refreshing native plugins compatible for Editor in 51,61 ms, found 1 plugins.
Preloading 0 native plugins for Editor in 0,00 ms.
Mono: successfully reloaded assembly
- Completed reload, in  1,021 seconds
Platform modules already initialized, skipping
========================================================================
Worker process is ready to serve import requests
Launched and connected shader compiler UnityShaderCompiler after 0.01 seconds
Refreshing native plugins compatible for Editor in 0,48 ms, found 1 plugins.
Preloading 0 native plugins for Editor in 0,00 ms.
Unloading 1823 Unused Serialized files (Serialized files now loaded: 0)
System memory in use before: 79,6 MB.
System memory in use after: 79,6 MB.

Unloading 24 unused Assets to reduce memory usage. Loaded Objects now: 2266.
Total: 4,257732 ms (FindLiveObjects: 0,307770 ms CreateObjectMapping: 0,195129 ms MarkObjects: 3,414995 ms  DeleteObjects: 0,338243 ms)

========================================================================
Received Import Request.
  path: Assets/Scripts/FruitManager.cs
  artifactKey: Guid(019ef70ed5226827eb7565cc8c74fdf5) Importer(815301076,1909f56bfc062723c751e8b465ee728b)
Start importing Assets/Scripts/FruitManager.cs using Guid(019ef70ed5226827eb7565cc8c74fdf5) Importer(815301076,1909f56bfc062723c751e8b465ee728b)  -> (artifact id: '07efe1e403441387f8fb29a30d55eb2a') in 0,025343 seconds
  Import took 0,034132 seconds .

========================================================================
Received Prepare
Registering precompiled user dll's ...
Registered in 0,000867 seconds.
Begin MonoManager ReloadAssembly
Native extension for LinuxStandalone target not found
Refreshing native plugins compatible for Editor in 0,46 ms, found 1 plugins.
Preloading 0 native plugins for Editor in 0,00 ms.
Mono: successfully reloaded assembly
- Completed reload, in  0,897 seconds
Platform modules already initialized, skipping
Script error: OnCollisionEnter
This message parameter has to be of type: Collision
The message will be ignored.

Refreshing native plugins compatible for Editor in 0,42 ms, found 1 plugins.
Preloading 0 native plugins for Editor in 0,00 ms.
Unloading 1818 Unused Serialized files (Serialized files now loaded: 0)
System memory in use before: 79,6 MB.
System memory in use after: 79,6 MB.

Unloading 12 unused Assets to reduce memory usage. Loaded Objects now: 2270.
Total: 4,396389 ms (FindLiveObjects: 0,285815 ms CreateObjectMapping: 0,174599 ms MarkObjects: 3,770752 ms  DeleteObjects: 0,162677 ms)

========================================================================
Received Import Request.
  Time since last request: 46,424233 seconds.
  path: Assets/Scripts/FruitManager.cs
  artifactKey: Guid(019ef70ed5226827eb7565cc8c74fdf5) Importer(815301076,1909f56bfc062723c751e8b465ee728b)
Start importing Assets/Scripts/FruitManager.cs using Guid(019ef70ed5226827eb7565cc8c74fdf5) Importer(815301076,1909f56bfc062723c751e8b465ee728b)  -> (artifact id: '6949d77f040ca235c2a0b021ed147034') in 0,005546 seconds
  Import took 0,010173 seconds .

========================================================================
Received Prepare
Registering precompiled user dll's ...
Registered in 0,000906 seconds.
Begin MonoManager ReloadAssembly
Native extension for LinuxStandalone target not found
Refreshing native plugins compatible for Editor in 0,42 ms, found 1 plugins.
Preloading 0 native plugins for Editor in 0,00 ms.
Mono: successfully reloaded assembly
- Completed reload, in  0,836 seconds
Platform modules already initialized, skipping
Script error: OnCollisionEnter
This message parameter has to be of type: Collision
The message will be ignored.

Refreshing native plugins compatible for Editor in 0,39 ms, found 1 plugins.
Preloading 0 native plugins for Editor in 0,00 ms.
Unloading 1817 Unused Serialized files (Serialized files now loaded: 0)
System memory in use before: 79,6 MB.
System memory in use after: 79,6 MB.

Unloading 13 unused Assets to reduce memory usage. Loaded Objects now: 2273.
Total: 3,490990 ms (FindLiveObjects: 0,226962 ms CreateObjectMapping: 0,084471 ms MarkObjects: 3,021692 ms  DeleteObjects: 0,156605 ms)

========================================================================
Received Prepare
Registering precompiled user dll's ...
Registered in 0,000784 seconds.
Begin MonoManager ReloadAssembly
Native extension for LinuxStandalone target not found
Refreshing native plugins compatible for Editor in 0,46 ms, found 1 plugins.
Preloading 0 native plugins for Editor in 0,00 ms.
Mono: successfully reloaded assembly
- Completed reload, in  0,968 seconds
Platform modules already initialized, skipping
Script error: OnCollisionEnter
This message parameter has to be of type: Collision
The message will be ignored.

Refreshing native plugins compatible for Editor in 0,48 ms, found 1 plugins.
Preloading 0 native plugins for Editor in 0,00 ms.
Unloading 1817 Unused Serialized files (Serialized files now loaded: 0)
System memory in use before: 79,6 MB.
System memory in use after: 79,6 MB.

Unloading 12 unused Assets to reduce memory usage. Loaded Objects now: 2277.
Total: 4,760391 ms (FindLiveObjects: 0,653449 ms CreateObjectMapping: 0,187336 ms MarkObjects: 3,757611 ms  DeleteObjects: 0,158211 ms)

========================================================================
Received Import Request.
  Time since last request: 811,421035 seconds.
  path: Assets/Scenes/Menu.unity
  artifactKey: Guid(ddd891b1411a3be9eb3797b6355e1e6d) Importer(815301076,1909f56bfc062723c751e8b465ee728b)
Start importing Assets/Scenes/Menu.unity using Guid(ddd891b1411a3be9eb3797b6355e1e6d) Importer(815301076,1909f56bfc062723c751e8b465ee728b)  -> (artifact id: 'b0040c4deebc5160a16c3440b5b15709') in 0,012107 seconds
  Import took 0,016239 seconds .

========================================================================
Received Prepare
Registering precompiled user dll's ...
Registered in 0,000826 seconds.
Begin MonoManager ReloadAssembly
Native extension for LinuxStandalone target not found
Refreshing native plugins compatible for Editor in 0,46 ms, found 1 plugins.
Preloading 0 native plugins for Editor in 0,00 ms.
Mono: successfully reloaded assembly
- Completed reload, in  0,820 seconds
Platform modules already initialized, skipping
Script error: OnCollisionEnter
This message parameter has to be of type: Collision
The message will be ignored.

Refreshing native plugins compatible for Editor in 0,42 ms, found 1 plugins.
Preloading 0 native plugins for Editor in 0,00 ms.
Unloading 1817 Unused Serialized files (Serialized files now loaded: 0)
System memory in use before: 79,7 MB.
System memory in use after: 79,7 MB.

Unloading 12 unused Assets to reduce memory usage. Loaded Objects now: 2281.
Total: 3,242198 ms (FindLiveObjects: 0,229557 ms CreateObjectMapping: 0,060328 ms MarkObjects: 2,803804 ms  DeleteObjects: 0,147215 ms)

========================================================================
Received Prepare
Registering precompiled user dll's ...
Registered in 0,000907 seconds.
Begin MonoManager ReloadAssembly
Native extension for LinuxStandalone target not found
Refreshing native plugins compatible for Editor in 0,67 ms, found 1 plugins.
Preloading 0 native plugins for Editor in 0,00 ms.
Mono: successfully reloaded assembly
- Completed reload, in  0,841 seconds
Platform modules already initialized, skipping
Script error: OnCollisionEnter
This message parameter has to be of type: Collision
The message will be ignored.

Refreshing native plugins compatible for Editor in 0,40 ms, found 1 plugins.
Preloading 0 native plugins for Editor in 0,00 ms.
Unloading 1817 Unused Serialized files (Serialized files now loaded: 0)
System memory in use before: 79,7 MB.
System memory in use after: 79,7 MB.

Unloading 12 unused Assets to reduce memory usage. Loaded Objects now: 2285.
Total: 3,306209 ms (FindLiveObjects: 0,222111 ms CreateObjectMapping: 0,070555 ms MarkObjects: 2,865912 ms  DeleteObjects: 0,145836 ms)

========================================================================
Received Import Request.
  Time since last request: 163,164553 seconds.
  path: Packages/com.unity.2d.sprite/Editor/ObjectMenuCreation/DefaultAssets/Textures/9-SlicedWithBorder.png
  artifactKey: Guid(cc35afd292fc349128b36a291fb3a165) Importer(815301076,1909f56bfc062723c751e8b465ee728b)
Start importing Packages/com.unity.2d.sprite/Editor/ObjectMenuCreation/DefaultAssets/Textures/9-SlicedWithBorder.png using Guid(cc35afd292fc349128b36a291fb3a165) Importer(815301076,1909f56bfc062723c751e8b465ee728b)  -> (artifact id: '939631fb5780b008f0df6705ee3988b2') in 0,095898 seconds
  Import took 0,099760 seconds .

========================================================================
Received Import Request.
  Time since last request: 0,000210 seconds.
  path: Packages/com.unity.2d.sprite/Editor/ObjectMenuCreation/DefaultAssets/Textures/9-Sliced.png
  artifactKey: Guid(71ebafeef3c03457483266a33ab2b270) Importer(815301076,1909f56bfc062723c751e8b465ee728b)
Start importing Packages/com.unity.2d.sprite/Editor/ObjectMenuCreation/DefaultAssets/Textures/9-Sliced.png using Guid(71ebafeef3c03457483266a33ab2b270) Importer(815301076,1909f56bfc062723c751e8b465ee728b)  -> (artifact id: 'ae7fd05d387bb4a0a3c49ac90a7116f3') in 0,011998 seconds
  Import took 0,015447 seconds .

========================================================================
Received Prepare
Registering precompiled user dll's ...
Registered in 0,001097 seconds.
Begin MonoManager ReloadAssembly
Native extension for LinuxStandalone target not found
Refreshing native plugins compatible for Editor in 0,60 ms, found 1 plugins.
Preloading 0 native plugins for Editor in 0,00 ms.
Mono: successfully reloaded assembly
- Completed reload, in  0,980 seconds
Platform modules already initialized, skipping
Script error: OnCollisionEnter
This message parameter has to be of type: Collision
The message will be ignored.

Refreshing native plugins compatible for Editor in 0,45 ms, found 1 plugins.
Preloading 0 native plugins for Editor in 0,00 ms.
Unloading 1817 Unused Serialized files (Serialized files now loaded: 0)
System memory in use before: 81,0 MB.
System memory in use after: 81,0 MB.

Unloading 12 unused Assets to reduce memory usage. Loaded Objects now: 2295.
Total: 4,637839 ms (FindLiveObjects: 0,344823 ms CreateObjectMapping: 0,210114 ms MarkObjects: 3,936695 ms  DeleteObjects: 0,144538 ms)

========================================================================
Received Prepare
Registering precompiled user dll's ...
Registered in 0,001173 seconds.
Begin MonoManager ReloadAssembly
Native extension for LinuxStandalone target not found
Refreshing native plugins compatible for Editor in 0,44 ms, found 1 plugins.
Preloading 0 native plugins for Editor in 0,00 ms.
Mono: successfully reloaded assembly
- Completed reload, in  0,956 seconds
Platform modules already initialized, skipping
Script error: OnCollisionEnter
This message parameter has to be of type: Collision
The message will be ignored.

Refreshing native plugins compatible for Editor in 0,83 ms, found 1 plugins.
Preloading 0 native plugins for Editor in 0,00 ms.
Unloading 1817 Unused Serialized files (Serialized files now loaded: 0)
System memory in use before: 81,0 MB.
System memory in use after: 81,0 MB.

Unloading 12 unused Assets to reduce memory usage. Loaded Objects now: 2299.
Total: 3,525379 ms (FindLiveObjects: 0,293623 ms CreateObjectMapping: 0,158688 ms MarkObjects: 2,915146 ms  DeleteObjects: 0,156242 ms)

========================================================================
Received Import Request.
  Time since last request: 339,764876 seconds.
  path: Assets/Scripts/PlayerMove.cs
  artifactKey: Guid(68da61f9d143634bb814b4a8d6b311c1) Importer(815301076,1909f56bfc062723c751e8b465ee728b)
Start importing Assets/Scripts/PlayerMove.cs using Guid(68da61f9d143634bb814b4a8d6b311c1) Importer(815301076,1909f56bfc062723c751e8b465ee728b)  -> (artifact id: 'e353c8d74a731704a6063fb3977bc39e') in 0,004059 seconds
  Import took 0,008069 seconds .

========================================================================
Received Import Request.
  Time since last request: 0,026448 seconds.
  path: Assets/Scripts/PlayerMove.cs
  artifactKey: Guid(68da61f9d143634bb814b4a8d6b311c1) Importer(815301076,1909f56bfc062723c751e8b465ee728b)
Start importing Assets/Scripts/PlayerMove.cs using Guid(68da61f9d143634bb814b4a8d6b311c1) Importer(815301076,1909f56bfc062723c751e8b465ee728b)  -> (artifact id: 'e353c8d74a731704a6063fb3977bc39e') in 0,000729 seconds
  Import took 0,004537 seconds .

========================================================================
Received Prepare
Registering precompiled user dll's ...
Registered in 0,000826 seconds.
Begin MonoManager ReloadAssembly
Native extension for LinuxStandalone target not found
Refreshing native plugins compatible for Editor in 0,43 ms, found 1 plugins.
Preloading 0 native plugins for Editor in 0,00 ms.
Mono: successfully reloaded assembly
- Completed reload, in  0,848 seconds
Platform modules already initialized, skipping
Script error: OnCollisionEnter
This message parameter has to be of type: Collision
The message will be ignored.

Refreshing native plugins compatible for Editor in 0,40 ms, found 1 plugins.
Preloading 0 native plugins for Editor in 0,00 ms.
Unloading 1817 Unused Serialized files (Serialized files now loaded: 0)
System memory in use before: 81,1 MB.
System memory in use after: 81,0 MB.

Unloading 12 unused Assets to reduce memory usage. Loaded Objects now: 2303.
Total: 3,780902 ms (FindLiveObjects: 0,315806 ms CreateObjectMapping: 0,151911 ms MarkObjects: 3,174616 ms  DeleteObjects: 0,137450 ms)

========================================================================
Received Import Request.
  Time since last request: 303,339937 seconds.
  path: Assets/Scripts/PlayerMove.cs
  artifactKey: Guid(68da61f9d143634bb814b4a8d6b311c1) Importer(815301076,1909f56bfc062723c751e8b465ee728b)
Start importing Assets/Scripts/PlayerMove.cs using Guid(68da61f9d143634bb814b4a8d6b311c1) Importer(815301076,1909f56bfc062723c751e8b465ee728b)  -> (artifact id: '956352429e02ba590d2f6f9bd58ab606') in 0,005704 seconds
  Import took 0,010619 seconds .

========================================================================
Received Import Request.
  Time since last request: 15,719649 seconds.
  path: Assets/Scripts/PlayerMove.cs
  artifactKey: Guid(68da61f9d143634bb814b4a8d6b311c1) Importer(815301076,1909f56bfc062723c751e8b465ee728b)
Start importing Assets/Scripts/PlayerMove.cs using Guid(68da61f9d143634bb814b4a8d6b311c1) Importer(815301076,1909f56bfc062723c751e8b465ee728b)  -> (artifact id: '2febd18de0a6d41d5d3a406719ed6af4') in 0,000780 seconds
  Import took 0,005474 seconds .

========================================================================
Received Import Request.
  Time since last request: 10,497281 seconds.
  path: Assets/Scripts/PlayerMove.cs
  artifactKey: Guid(68da61f9d143634bb814b4a8d6b311c1) Importer(815301076,1909f56bfc062723c751e8b465ee728b)
Start importing Assets/Scripts/PlayerMove.cs using Guid(68da61f9d143634bb814b4a8d6b311c1) Importer(815301076,1909f56bfc062723c751e8b465ee728b)  -> (artifact id: '36c43314c4bfaf50aa908f53e4483431') in 0,000806 seconds
  Import took 0,005339 seconds .

========================================================================
Received Import Request.
  Time since last request: 15,553218 seconds.
  path: Assets/Scripts/PlayerMove.cs
  artifactKey: Guid(68da61f9d143634bb814b4a8d6b311c1) Importer(815301076,1909f56bfc062723c751e8b465ee728b)
Start importing Assets/Scripts/PlayerMove.cs using Guid(68da61f9d143634bb814b4a8d6b311c1) Importer(815301076,1909f56bfc062723c751e8b465ee728b)  -> (artifact id: '10ca9c3584eb7250028e58b52c84539c') in 0,001132 seconds
  Import took 0,005174 seconds .

========================================================================
Received Import Request.
  Time since last request: 87,159765 seconds.
  path: Assets/Scripts/PlayerMove.cs
  artifactKey: Guid(68da61f9d143634bb814b4a8d6b311c1) Importer(815301076,1909f56bfc062723c751e8b465ee728b)
Start importing Assets/Scripts/PlayerMove.cs using Guid(68da61f9d143634bb814b4a8d6b311c1) Importer(815301076,1909f56bfc062723c751e8b465ee728b)  -> (artifact id: 'ab3c1a683325362517032709f3a7c075') in 0,000977 seconds
  Import took 0,005573 seconds .

========================================================================
Received Import Request.
  Time since last request: 12,678060 seconds.
  path: Assets/Scripts/PlayerMove.cs
  artifactKey: Guid(68da61f9d143634bb814b4a8d6b311c1) Importer(815301076,1909f56bfc062723c751e8b465ee728b)
Start importing Assets/Scripts/PlayerMove.cs using Guid(68da61f9d143634bb814b4a8d6b311c1) Importer(815301076,1909f56bfc062723c751e8b465ee728b)  -> (artifact id: '51730c8db23314918704e13bac5110bf') in 0,000718 seconds
  Import took 0,004693 seconds .

========================================================================
Received Prepare
Registering precompiled user dll's ...
Registered in 0,000984 seconds.
Begin MonoManager ReloadAssembly
Native extension for LinuxStandalone target not found
Refreshing native plugins compatible for Editor in 0,45 ms, found 1 plugins.
Preloading 0 native plugins for Editor in 0,00 ms.
Mono: successfully reloaded assembly
- Completed reload, in  0,892 seconds
Platform modules already initialized, skipping
Refreshing native plugins compatible for Editor in 0,41 ms, found 1 plugins.
Preloading 0 native plugins for Editor in 0,00 ms.
Unloading 1817 Unused Serialized files (Serialized files now loaded: 0)
System memory in use before: 81,1 MB.
System memory in use after: 81,1 MB.

Unloading 12 unused Assets to reduce memory usage. Loaded Objects now: 2307.
Total: 3,143644 ms (FindLiveObjects: 0,235135 ms CreateObjectMapping: 0,065060 ms MarkObjects: 2,703020 ms  DeleteObjects: 0,138049 ms)

========================================================================
Received Import Request.
  Time since last request: 13,658235 seconds.
  path: Assets/Scripts/PlayerMove.cs
  artifactKey: Guid(68da61f9d143634bb814b4a8d6b311c1) Importer(815301076,1909f56bfc062723c751e8b465ee728b)
Start importing Assets/Scripts/PlayerMove.cs using Guid(68da61f9d143634bb814b4a8d6b311c1) Importer(815301076,1909f56bfc062723c751e8b465ee728b)  -> (artifact id: '38040bd1b1fd919829532148bc2e3a35') in 0,003671 seconds
  Import took 0,007430 seconds .

========================================================================
Received Prepare
Registering precompiled user dll's ...
Registered in 0,000811 seconds.
Begin MonoManager ReloadAssembly
Native extension for LinuxStandalone target not found
Refreshing native plugins compatible for Editor in 0,44 ms, found 1 plugins.
Preloading 0 native plugins for Editor in 0,00 ms.
Mono: successfully reloaded assembly
- Completed reload, in  0,875 seconds
Platform modules already initialized, skipping
Refreshing native plugins compatible for Editor in 0,47 ms, found 1 plugins.
Preloading 0 native plugins for Editor in 0,00 ms.
Unloading 1817 Unused Serialized files (Serialized files now loaded: 0)
System memory in use before: 81,1 MB.
System memory in use after: 81,1 MB.

Unloading 12 unused Assets to reduce memory usage. Loaded Objects now: 2311.
Total: 4,228245 ms (FindLiveObjects: 0,278842 ms CreateObjectMapping: 0,099437 ms MarkObjects: 3,659981 ms  DeleteObjects: 0,187713 ms)

========================================================================
Received Import Request.
  Time since last request: 122,367025 seconds.
  path: Assets/Scripts/ArrowRotation.cs
  artifactKey: Guid(a2c8daef1a3df40ca8b342bfe08e39aa) Importer(815301076,1909f56bfc062723c751e8b465ee728b)
Start importing Assets/Scripts/ArrowRotation.cs using Guid(a2c8daef1a3df40ca8b342bfe08e39aa) Importer(815301076,1909f56bfc062723c751e8b465ee728b)  -> (artifact id: 'da9ab7c9e3539dbd78c3eedb625d5c61') in 0,021869 seconds
  Import took 0,025629 seconds .

========================================================================
Received Import Request.
  Time since last request: 0,011278 seconds.
  path: Assets/Scripts/ArrowRotation.cs
  artifactKey: Guid(a2c8daef1a3df40ca8b342bfe08e39aa) Importer(815301076,1909f56bfc062723c751e8b465ee728b)
Start importing Assets/Scripts/ArrowRotation.cs using Guid(a2c8daef1a3df40ca8b342bfe08e39aa) Importer(815301076,1909f56bfc062723c751e8b465ee728b)  -> (artifact id: 'da9ab7c9e3539dbd78c3eedb625d5c61') in 0,000765 seconds
  Import took 0,004684 seconds .

========================================================================
Received Prepare
Registering precompiled user dll's ...
Registered in 0,000804 seconds.
Begin MonoManager ReloadAssembly
Native extension for LinuxStandalone target not found
Refreshing native plugins compatible for Editor in 0,63 ms, found 1 plugins.
Preloading 0 native plugins for Editor in 0,00 ms.
Mono: successfully reloaded assembly
- Completed reload, in  1,009 seconds
Platform modules already initialized, skipping
Refreshing native plugins compatible for Editor in 0,41 ms, found 1 plugins.
Preloading 0 native plugins for Editor in 0,00 ms.
Unloading 1817 Unused Serialized files (Serialized files now loaded: 0)
System memory in use before: 81,1 MB.
System memory in use after: 81,1 MB.

Unloading 12 unused Assets to reduce memory usage. Loaded Objects now: 2315.
Total: 5,003492 ms (FindLiveObjects: 0,382421 ms CreateObjectMapping: 0,237572 ms MarkObjects: 4,185295 ms  DeleteObjects: 0,194892 ms)

========================================================================
Received Prepare
Registering precompiled user dll's ...
Registered in 0,000816 seconds.
Begin MonoManager ReloadAssembly
Native extension for LinuxStandalone target not found
Refreshing native plugins compatible for Editor in 0,43 ms, found 1 plugins.
Preloading 0 native plugins for Editor in 0,00 ms.
Mono: successfully reloaded assembly
- Completed reload, in  0,864 seconds
Platform modules already initialized, skipping
Refreshing native plugins compatible for Editor in 0,39 ms, found 1 plugins.
Preloading 0 native plugins for Editor in 0,00 ms.
Unloading 1817 Unused Serialized files (Serialized files now loaded: 0)
System memory in use before: 81,1 MB.
System memory in use after: 81,1 MB.

Unloading 12 unused Assets to reduce memory usage. Loaded Objects now: 2319.
Total: 3,254112 ms (FindLiveObjects: 0,240415 ms CreateObjectMapping: 0,070939 ms MarkObjects: 2,783435 ms  DeleteObjects: 0,157383 ms)

========================================================================
Received Prepare
Registering precompiled user dll's ...
Registered in 0,000798 seconds.
Begin MonoManager ReloadAssembly
Native extension for LinuxStandalone target not found
Refreshing native plugins compatible for Editor in 0,50 ms, found 1 plugins.
Preloading 0 native plugins for Editor in 0,00 ms.
Mono: successfully reloaded assembly
- Completed reload, in  0,969 seconds
Platform modules already initialized, skipping
Refreshing native plugins compatible for Editor in 0,44 ms, found 1 plugins.
Preloading 0 native plugins for Editor in 0,00 ms.
Unloading 1817 Unused Serialized files (Serialized files now loaded: 0)
System memory in use before: 81,1 MB.
System memory in use after: 81,1 MB.

Unloading 12 unused Assets to reduce memory usage. Loaded Objects now: 2323.
Total: 4,706337 ms (FindLiveObjects: 0,365498 ms CreateObjectMapping: 0,229317 ms MarkObjects: 3,939450 ms  DeleteObjects: 0,169831 ms)

========================================================================
Received Prepare
Registering precompiled user dll's ...
Registered in 0,000798 seconds.
Begin MonoManager ReloadAssembly
Native extension for LinuxStandalone target not found
Refreshing native plugins compatible for Editor in 0,43 ms, found 1 plugins.
Preloading 0 native plugins for Editor in 0,00 ms.
Mono: successfully reloaded assembly
- Completed reload, in  0,895 seconds
Platform modules already initialized, skipping
Refreshing native plugins compatible for Editor in 0,41 ms, found 1 plugins.
Preloading 0 native plugins for Editor in 0,00 ms.
Unloading 1817 Unused Serialized files (Serialized files now loaded: 0)
System memory in use before: 81,1 MB.
System memory in use after: 81,1 MB.

Unloading 12 unused Assets to reduce memory usage. Loaded Objects now: 2327.
Total: 4,187177 ms (FindLiveObjects: 0,315065 ms CreateObjectMapping: 0,162823 ms MarkObjects: 3,548581 ms  DeleteObjects: 0,159518 ms)

========================================================================
Received Prepare
Registering precompiled user dll's ...
Registered in 0,001305 seconds.
Begin MonoManager ReloadAssembly
Native extension for LinuxStandalone target not found
Refreshing native plugins compatible for Editor in 0,43 ms, found 1 plugins.
Preloading 0 native plugins for Editor in 0,00 ms.
Mono: successfully reloaded assembly
- Completed reload, in  0,907 seconds
Platform modules already initialized, skipping
Refreshing native plugins compatible for Editor in 0,53 ms, found 1 plugins.
Preloading 0 native plugins for Editor in 0,00 ms.
Unloading 1817 Unused Serialized files (Serialized files now loaded: 0)
System memory in use before: 81,1 MB.
System memory in use after: 81,1 MB.

Unloading 12 unused Assets to reduce memory usage. Loaded Objects now: 2331.
Total: 6,170556 ms (FindLiveObjects: 0,510678 ms CreateObjectMapping: 0,300711 ms MarkObjects: 5,044503 ms  DeleteObjects: 0,311759 ms)

========================================================================
Received Prepare
Registering precompiled user dll's ...
Registered in 0,000820 seconds.
Begin MonoManager ReloadAssembly
Native extension for LinuxStandalone target not found
Refreshing native plugins compatible for Editor in 0,42 ms, found 1 plugins.
Preloading 0 native plugins for Editor in 0,00 ms.
Mono: successfully reloaded assembly
- Completed reload, in  0,879 seconds
Platform modules already initialized, skipping
Refreshing native plugins compatible for Editor in 0,41 ms, found 1 plugins.
Preloading 0 native plugins for Editor in 0,00 ms.
Unloading 1817 Unused Serialized files (Serialized files now loaded: 0)
System memory in use before: 81,1 MB.
System memory in use after: 81,1 MB.

Unloading 12 unused Assets to reduce memory usage. Loaded Objects now: 2335.
Total: 3,820452 ms (FindLiveObjects: 0,269403 ms CreateObjectMapping: 0,155814 ms MarkObjects: 3,253084 ms  DeleteObjects: 0,140869 ms)

========================================================================
Received Prepare
Registering precompiled user dll's ...
Registered in 0,000903 seconds.
Begin MonoManager ReloadAssembly
Native extension for LinuxStandalone target not found
Refreshing native plugins compatible for Editor in 0,53 ms, found 1 plugins.
Preloading 0 native plugins for Editor in 0,00 ms.
Mono: successfully reloaded assembly
- Completed reload, in  0,928 seconds
Platform modules already initialized, skipping
Refreshing native plugins compatible for Editor in 0,41 ms, found 1 plugins.
Preloading 0 native plugins for Editor in 0,00 ms.
Unloading 1817 Unused Serialized files (Serialized files now loaded: 0)
System memory in use before: 81,1 MB.
System memory in use after: 81,1 MB.

Unloading 12 unused Assets to reduce memory usage. Loaded Objects now: 2339.
Total: 4,242086 ms (FindLiveObjects: 0,265893 ms CreateObjectMapping: 0,090034 ms MarkObjects: 3,662156 ms  DeleteObjects: 0,221181 ms)

========================================================================
Received Prepare
Registering precompiled user dll's ...
Registered in 0,001658 seconds.
Begin MonoManager ReloadAssembly
Native extension for LinuxStandalone target not found
Refreshing native plugins compatible for Editor in 0,42 ms, found 1 plugins.
Preloading 0 native plugins for Editor in 0,00 ms.
Mono: successfully reloaded assembly
- Completed reload, in  0,863 seconds
Platform modules already initialized, skipping
Refreshing native plugins compatible for Editor in 0,41 ms, found 1 plugins.
Preloading 0 native plugins for Editor in 0,00 ms.
Unloading 1817 Unused Serialized files (Serialized files now loaded: 0)
System memory in use before: 81,1 MB.
System memory in use after: 81,1 MB.

Unloading 12 unused Assets to reduce memory usage. Loaded Objects now: 2343.
Total: 4,470444 ms (FindLiveObjects: 0,302975 ms CreateObjectMapping: 0,121236 ms MarkObjects: 3,855631 ms  DeleteObjects: 0,187842 ms)

========================================================================
Received Prepare
Registering precompiled user dll's ...
Registered in 0,000775 seconds.
Begin MonoManager ReloadAssembly
Native extension for LinuxStandalone target not found
Refreshing native plugins compatible for Editor in 0,44 ms, found 1 plugins.
Preloading 0 native plugins for Editor in 0,00 ms.
Mono: successfully reloaded assembly
- Completed reload, in  0,995 seconds
Platform modules already initialized, skipping
Refreshing native plugins compatible for Editor in 0,47 ms, found 1 plugins.
Preloading 0 native plugins for Editor in 0,00 ms.
Unloading 1817 Unused Serialized files (Serialized files now loaded: 0)
System memory in use before: 81,1 MB.
System memory in use after: 81,1 MB.

Unloading 12 unused Assets to reduce memory usage. Loaded Objects now: 2347.
Total: 4,151505 ms (FindLiveObjects: 0,413058 ms CreateObjectMapping: 0,172214 ms MarkObjects: 3,416662 ms  DeleteObjects: 0,148204 ms)

========================================================================
Received Prepare
Registering precompiled user dll's ...
Registered in 0,000851 seconds.
Begin MonoManager ReloadAssembly
Native extension for LinuxStandalone target not found
Refreshing native plugins compatible for Editor in 0,43 ms, found 1 plugins.
Preloading 0 native plugins for Editor in 0,00 ms.
Mono: successfully reloaded assembly
- Completed reload, in  0,836 seconds
Platform modules already initialized, skipping
Refreshing native plugins compatible for Editor in 0,43 ms, found 1 plugins.
Preloading 0 native plugins for Editor in 0,00 ms.
Unloading 1817 Unused Serialized files (Serialized files now loaded: 0)
System memory in use before: 81,1 MB.
System memory in use after: 81,1 MB.

Unloading 12 unused Assets to reduce memory usage. Loaded Objects now: 2351.
Total: 3,821117 ms (FindLiveObjects: 0,301707 ms CreateObjectMapping: 0,177715 ms MarkObjects: 3,172630 ms  DeleteObjects: 0,167287 ms)

========================================================================
Received Prepare
Registering precompiled user dll's ...
Registered in 0,000903 seconds.
Begin MonoManager ReloadAssembly
Native extension for LinuxStandalone target not found
Refreshing native plugins compatible for Editor in 0,42 ms, found 1 plugins.
Preloading 0 native plugins for Editor in 0,00 ms.
Mono: successfully reloaded assembly
- Completed reload, in  0,869 seconds
Platform modules already initialized, skipping
Refreshing native plugins compatible for Editor in 0,45 ms, found 1 plugins.
Preloading 0 native plugins for Editor in 0,00 ms.
Unloading 1817 Unused Serialized files (Serialized files now loaded: 0)
System memory in use before: 81,2 MB.
System memory in use after: 81,1 MB.

Unloading 12 unused Assets to reduce memory usage. Loaded Objects now: 2355.
Total: 3,678203 ms (FindLiveObjects: 0,267559 ms CreateObjectMapping: 0,143412 ms MarkObjects: 3,043272 ms  DeleteObjects: 0,222667 ms)

========================================================================
Received Import Request.
  Time since last request: 1507,184089 seconds.
  path: Assets/Scenes/Level 2.unity
  artifactKey: Guid(d9ee484e16d0186878fdd3f29e94a062) Importer(815301076,1909f56bfc062723c751e8b465ee728b)
Start importing Assets/Scenes/Level 2.unity using Guid(d9ee484e16d0186878fdd3f29e94a062) Importer(815301076,1909f56bfc062723c751e8b465ee728b)  -> (artifact id: 'be7d83e432a4208f5be6ed13cb71b3da') in 0,026799 seconds
  Import took 0,031767 seconds .

========================================================================
Received Prepare
Registering precompiled user dll's ...
Registered in 0,000807 seconds.
Begin MonoManager ReloadAssembly
Native extension for LinuxStandalone target not found
Refreshing native plugins compatible for Editor in 0,54 ms, found 1 plugins.
Preloading 0 native plugins for Editor in 0,00 ms.
Mono: successfully reloaded assembly
- Completed reload, in  0,912 seconds
Platform modules already initialized, skipping
Refreshing native plugins compatible for Editor in 0,41 ms, found 1 plugins.
Preloading 0 native plugins for Editor in 0,00 ms.
Unloading 1817 Unused Serialized files (Serialized files now loaded: 0)
System memory in use before: 81,2 MB.
System memory in use after: 81,2 MB.

Unloading 12 unused Assets to reduce memory usage. Loaded Objects now: 2359.
Total: 4,039296 ms (FindLiveObjects: 0,266903 ms CreateObjectMapping: 0,091816 ms MarkObjects: 3,499145 ms  DeleteObjects: 0,179036 ms)

========================================================================
Received Prepare
Registering precompiled user dll's ...
Registered in 0,001401 seconds.
Begin MonoManager ReloadAssembly
Native extension for LinuxStandalone target not found
Refreshing native plugins compatible for Editor in 0,58 ms, found 1 plugins.
Preloading 0 native plugins for Editor in 0,00 ms.
Mono: successfully reloaded assembly
- Completed reload, in  0,992 seconds
Platform modules already initialized, skipping
Refreshing native plugins compatible for Editor in 0,41 ms, found 1 plugins.
Preloading 0 native plugins for Editor in 0,00 ms.
Unloading 1817 Unused Serialized files (Serialized files now loaded: 0)
System memory in use before: 81,2 MB.
System memory in use after: 81,2 MB.

Unloading 12 unused Assets to reduce memory usage. Loaded Objects now: 2363.
Total: 6,514657 ms (FindLiveObjects: 0,268920 ms CreateObjectMapping: 0,094399 ms MarkObjects: 5,637783 ms  DeleteObjects: 0,510430 ms)

========================================================================
Received Prepare
Registering precompiled user dll's ...
Registered in 0,000796 seconds.
Begin MonoManager ReloadAssembly
Native extension for LinuxStandalone target not found
Refreshing native plugins compatible for Editor in 0,78 ms, found 1 plugins.
Preloading 0 native plugins for Editor in 0,00 ms.
Mono: successfully reloaded assembly
- Completed reload, in  0,979 seconds
Platform modules already initialized, skipping
Refreshing native plugins compatible for Editor in 0,40 ms, found 1 plugins.
Preloading 0 native plugins for Editor in 0,00 ms.
Unloading 1817 Unused Serialized files (Serialized files now loaded: 0)
System memory in use before: 81,2 MB.
System memory in use after: 81,2 MB.

Unloading 12 unused Assets to reduce memory usage. Loaded Objects now: 2367.
Total: 3,084036 ms (FindLiveObjects: 0,228516 ms CreateObjectMapping: 0,063515 ms MarkObjects: 2,619678 ms  DeleteObjects: 0,170387 ms)

========================================================================
Received Prepare
Registering precompiled user dll's ...
Registered in 0,001627 seconds.
Begin MonoManager ReloadAssembly
Native extension for LinuxStandalone target not found
Refreshing native plugins compatible for Editor in 0,43 ms, found 1 plugins.
Preloading 0 native plugins for Editor in 0,00 ms.
Mono: successfully reloaded assembly
- Completed reload, in  0,870 seconds
Platform modules already initialized, skipping
Refreshing native plugins compatible for Editor in 0,41 ms, found 1 plugins.
Preloading 0 native plugins for Editor in 0,00 ms.
Unloading 1817 Unused Serialized files (Serialized files now loaded: 0)
System memory in use before: 81,2 MB.
System memory in use after: 81,2 MB.

Unloading 12 unused Assets to reduce memory usage. Loaded Objects now: 2371.
Total: 3,157775 ms (FindLiveObjects: 0,230107 ms CreateObjectMapping: 0,064809 ms MarkObjects: 2,719964 ms  DeleteObjects: 0,141312 ms)

========================================================================
Received Prepare
Registering precompiled user dll's ...
Registered in 0,000812 seconds.
Begin MonoManager ReloadAssembly
Native extension for LinuxStandalone target not found
Refreshing native plugins compatible for Editor in 0,52 ms, found 1 plugins.
Preloading 0 native plugins for Editor in 0,00 ms.
Mono: successfully reloaded assembly
- Completed reload, in  0,902 seconds
Platform modules already initialized, skipping
Refreshing native plugins compatible for Editor in 0,41 ms, found 1 plugins.
Preloading 0 native plugins for Editor in 0,00 ms.
Unloading 1817 Unused Serialized files (Serialized files now loaded: 0)
System memory in use before: 81,2 MB.
System memory in use after: 81,2 MB.

Unloading 12 unused Assets to reduce memory usage. Loaded Objects now: 2375.
Total: 4,699234 ms (FindLiveObjects: 0,370573 ms CreateObjectMapping: 0,228581 ms MarkObjects: 3,932903 ms  DeleteObjects: 0,164983 ms)

========================================================================
Received Prepare
Registering precompiled user dll's ...
Registered in 0,000831 seconds.
Begin MonoManager ReloadAssembly
Native extension for LinuxStandalone target not found
Refreshing native plugins compatible for Editor in 0,45 ms, found 1 plugins.
Preloading 0 native plugins for Editor in 0,00 ms.
Mono: successfully reloaded assembly
- Completed reload, in  0,840 seconds
Platform modules already initialized, skipping
Refreshing native plugins compatible for Editor in 0,43 ms, found 1 plugins.
Preloading 0 native plugins for Editor in 0,00 ms.
Unloading 1817 Unused Serialized files (Serialized files now loaded: 0)
System memory in use before: 81,2 MB.
System memory in use after: 81,2 MB.

Unloading 12 unused Assets to reduce memory usage. Loaded Objects now: 2379.
Total: 3,738957 ms (FindLiveObjects: 0,285709 ms CreateObjectMapping: 0,212489 ms MarkObjects: 3,076202 ms  DeleteObjects: 0,162863 ms)

========================================================================
Received Prepare
Registering precompiled user dll's ...
Registered in 0,001933 seconds.
Begin MonoManager ReloadAssembly
Native extension for LinuxStandalone target not found
Refreshing native plugins compatible for Editor in 0,44 ms, found 1 plugins.
Preloading 0 native plugins for Editor in 0,00 ms.
Mono: successfully reloaded assembly
- Completed reload, in  1,027 seconds
Platform modules already initialized, skipping
Refreshing native plugins compatible for Editor in 0,52 ms, found 1 plugins.
Preloading 0 native plugins for Editor in 0,00 ms.
Unloading 1817 Unused Serialized files (Serialized files now loaded: 0)
System memory in use before: 81,2 MB.
System memory in use after: 81,2 MB.

Unloading 12 unused Assets to reduce memory usage. Loaded Objects now: 2383.
Total: 5,634824 ms (FindLiveObjects: 1,055760 ms CreateObjectMapping: 0,290172 ms MarkObjects: 4,094185 ms  DeleteObjects: 0,191190 ms)

========================================================================
Received Prepare
Registering precompiled user dll's ...
Registered in 0,001706 seconds.
Begin MonoManager ReloadAssembly
Native extension for LinuxStandalone target not found
Refreshing native plugins compatible for Editor in 0,44 ms, found 1 plugins.
Preloading 0 native plugins for Editor in 0,00 ms.
Mono: successfully reloaded assembly
- Completed reload, in  0,873 seconds
Platform modules already initialized, skipping
Refreshing native plugins compatible for Editor in 0,41 ms, found 1 plugins.
Preloading 0 native plugins for Editor in 0,00 ms.
Unloading 1817 Unused Serialized files (Serialized files now loaded: 0)
System memory in use before: 81,2 MB.
System memory in use after: 81,2 MB.

Unloading 12 unused Assets to reduce memory usage. Loaded Objects now: 2387.
Total: 3,610705 ms (FindLiveObjects: 0,255604 ms CreateObjectMapping: 0,079244 ms MarkObjects: 3,109765 ms  DeleteObjects: 0,164112 ms)

========================================================================
Received Prepare
Registering precompiled user dll's ...
Registered in 0,000807 seconds.
Begin MonoManager ReloadAssembly
Native extension for LinuxStandalone target not found
Refreshing native plugins compatible for Editor in 0,46 ms, found 1 plugins.
Preloading 0 native plugins for Editor in 0,00 ms.
Mono: successfully reloaded assembly
- Completed reload, in  0,867 seconds
Platform modules already initialized, skipping
Refreshing native plugins compatible for Editor in 0,43 ms, found 1 plugins.
Preloading 0 native plugins for Editor in 0,00 ms.
Unloading 1817 Unused Serialized files (Serialized files now loaded: 0)
System memory in use before: 81,2 MB.
System memory in use after: 81,2 MB.

Unloading 12 unused Assets to reduce memory usage. Loaded Objects now: 2391.
Total: 3,618082 ms (FindLiveObjects: 0,280888 ms CreateObjectMapping: 0,152660 ms MarkObjects: 3,030643 ms  DeleteObjects: 0,152394 ms)

========================================================================
Received Prepare
Registering precompiled user dll's ...
Registered in 0,000846 seconds.
Begin MonoManager ReloadAssembly
Native extension for LinuxStandalone target not found
Refreshing native plugins compatible for Editor in 0,48 ms, found 1 plugins.
Preloading 0 native plugins for Editor in 0,00 ms.
Mono: successfully reloaded assembly
- Completed reload, in  0,902 seconds
Platform modules already initialized, skipping
Refreshing native plugins compatible for Editor in 0,47 ms, found 1 plugins.
Preloading 0 native plugins for Editor in 0,00 ms.
Unloading 1817 Unused Serialized files (Serialized files now loaded: 0)
System memory in use before: 81,2 MB.
System memory in use after: 81,2 MB.

Unloading 12 unused Assets to reduce memory usage. Loaded Objects now: 2395.
Total: 3,423297 ms (FindLiveObjects: 0,240817 ms CreateObjectMapping: 0,069526 ms MarkObjects: 2,939496 ms  DeleteObjects: 0,171874 ms)

========================================================================
Received Prepare
Registering precompiled user dll's ...
Registered in 0,001207 seconds.
Begin MonoManager ReloadAssembly
Native extension for LinuxStandalone target not found
Refreshing native plugins compatible for Editor in 0,53 ms, found 1 plugins.
Preloading 0 native plugins for Editor in 0,00 ms.
Mono: successfully reloaded assembly
- Completed reload, in  1,052 seconds
Platform modules already initialized, skipping
Refreshing native plugins compatible for Editor in 0,42 ms, found 1 plugins.
Preloading 0 native plugins for Editor in 0,00 ms.
Unloading 1817 Unused Serialized files (Serialized files now loaded: 0)
System memory in use before: 81,2 MB.
System memory in use after: 81,2 MB.

Unloading 12 unused Assets to reduce memory usage. Loaded Objects now: 2399.
Total: 4,724707 ms (FindLiveObjects: 0,392274 ms CreateObjectMapping: 0,211345 ms MarkObjects: 3,941104 ms  DeleteObjects: 0,176941 ms)

========================================================================
Received Prepare
Registering precompiled user dll's ...
Registered in 0,002379 seconds.
Begin MonoManager ReloadAssembly
Native extension for LinuxStandalone target not found
Refreshing native plugins compatible for Editor in 0,44 ms, found 1 plugins.
Preloading 0 native plugins for Editor in 0,00 ms.
Mono: successfully reloaded assembly
- Completed reload, in  0,878 seconds
Platform modules already initialized, skipping
Refreshing native plugins compatible for Editor in 0,65 ms, found 1 plugins.
Preloading 0 native plugins for Editor in 0,00 ms.
Unloading 1817 Unused Serialized files (Serialized files now loaded: 0)
System memory in use before: 81,3 MB.
System memory in use after: 81,3 MB.

Unloading 12 unused Assets to reduce memory usage. Loaded Objects now: 2403.
Total: 4,445505 ms (FindLiveObjects: 0,348712 ms CreateObjectMapping: 0,199558 ms MarkObjects: 3,731670 ms  DeleteObjects: 0,163921 ms)

========================================================================
Received Prepare
Registering precompiled user dll's ...
Registered in 0,000811 seconds.
Begin MonoManager ReloadAssembly
Native extension for LinuxStandalone target not found
Refreshing native plugins compatible for Editor in 0,43 ms, found 1 plugins.
Preloading 0 native plugins for Editor in 0,00 ms.
Mono: successfully reloaded assembly
- Completed reload, in  0,856 seconds
Platform modules already initialized, skipping
Refreshing native plugins compatible for Editor in 0,43 ms, found 1 plugins.
Preloading 0 native plugins for Editor in 0,00 ms.
Unloading 1817 Unused Serialized files (Serialized files now loaded: 0)
System memory in use before: 81,3 MB.
System memory in use after: 81,3 MB.

Unloading 12 unused Assets to reduce memory usage. Loaded Objects now: 2407.
Total: 4,176998 ms (FindLiveObjects: 0,339636 ms CreateObjectMapping: 0,215070 ms MarkObjects: 3,340553 ms  DeleteObjects: 0,280361 ms)

========================================================================
Received Prepare
Registering precompiled user dll's ...
Registered in 0,000848 seconds.
Begin MonoManager ReloadAssembly
Native extension for LinuxStandalone target not found
Refreshing native plugins compatible for Editor in 0,43 ms, found 1 plugins.
Preloading 0 native plugins for Editor in 0,00 ms.
Mono: successfully reloaded assembly
- Completed reload, in  0,875 seconds
Platform modules already initialized, skipping
Refreshing native plugins compatible for Editor in 0,41 ms, found 1 plugins.
Preloading 0 native plugins for Editor in 0,00 ms.
Unloading 1817 Unused Serialized files (Serialized files now loaded: 0)
System memory in use before: 81,3 MB.
System memory in use after: 81,3 MB.

Unloading 12 unused Assets to reduce memory usage. Loaded Objects now: 2411.
Total: 3,718153 ms (FindLiveObjects: 0,263693 ms CreateObjectMapping: 0,144393 ms MarkObjects: 3,180941 ms  DeleteObjects: 0,128058 ms)

